{"/Users/bipin/Desktop/test-project/src/app.js": {"path":"/Users/bipin/Desktop/test-project/src/app.js","statementMap":{"0":{"start":{"line":1,"column":17},"end":{"line":1,"column":35}},"1":{"start":{"line":2,"column":16},"end":{"line":2,"column":34}},"2":{"start":{"line":3,"column":12},"end":{"line":3,"column":21}},"3":{"start":{"line":5,"column":21},"end":{"line":5,"column":40}},"4":{"start":{"line":7,"column":0},"end":{"line":7,"column":16}},"5":{"start":{"line":8,"column":0},"end":{"line":8,"column":22}},"6":{"start":{"line":9,"column":0},"end":{"line":9,"column":37}}},"fnMap":{},"branchMap":{},"s":{"0":1,"1":1,"2":1,"3":1,"4":1,"5":1,"6":1},"f":{},"b":{},"_coverageSchema":"1a1c01bbd47fc00a2c39e90264f33305004495a9","hash":"a944fccb47dbab247b967f8fcaa358192fb8ea4a"}
,"/Users/bipin/Desktop/test-project/src/search/index.js": {"path":"/Users/bipin/Desktop/test-project/src/search/index.js","statementMap":{"0":{"start":{"line":1,"column":15},"end":{"line":1,"column":45}},"1":{"start":{"line":3,"column":15},"end":{"line":3,"column":42}},"2":{"start":{"line":5,"column":0},"end":{"line":5,"column":30}},"3":{"start":{"line":7,"column":0},"end":{"line":7,"column":24}}},"fnMap":{},"branchMap":{},"s":{"0":1,"1":1,"2":1,"3":1},"f":{},"b":{},"_coverageSchema":"1a1c01bbd47fc00a2c39e90264f33305004495a9","hash":"9ce37acef0b7af638c4a3080d5f5593bcd542370"}
,"/Users/bipin/Desktop/test-project/src/search/search.controller.js": {"path":"/Users/bipin/Desktop/test-project/src/search/search.controller.js","statementMap":{"0":{"start":{"line":1,"column":20},"end":{"line":1,"column":44}},"1":{"start":{"line":3,"column":15},"end":{"line":9,"column":1}},"2":{"start":{"line":4,"column":19},"end":{"line":4,"column":28}},"3":{"start":{"line":5,"column":17},"end":{"line":7,"column":3}},"4":{"start":{"line":6,"column":11},"end":{"line":6,"column":51}},"5":{"start":{"line":8,"column":2},"end":{"line":8,"column":41}},"6":{"start":{"line":11,"column":0},"end":{"line":11,"column":24}}},"fnMap":{"0":{"name":"(anonymous_0)","decl":{"start":{"line":3,"column":15},"end":{"line":3,"column":16}},"loc":{"start":{"line":3,"column":35},"end":{"line":9,"column":1}},"line":3},"1":{"name":"(anonymous_1)","decl":{"start":{"line":6,"column":4},"end":{"line":6,"column":5}},"loc":{"start":{"line":6,"column":11},"end":{"line":6,"column":51}},"line":6}},"branchMap":{"0":{"loc":{"start":{"line":6,"column":11},"end":{"line":6,"column":51}},"type":"binary-expr","locations":[{"start":{"line":6,"column":11},"end":{"line":6,"column":26}},{"start":{"line":6,"column":30},"end":{"line":6,"column":51}}],"line":6}},"s":{"0":1,"1":1,"2":4,"3":4,"4":60,"5":4,"6":1},"f":{"0":4,"1":60},"b":{"0":[60,54]},"_coverageSchema":"1a1c01bbd47fc00a2c39e90264f33305004495a9","hash":"9106ad556618df1a4c0ca99ed8792ca88f6befd1"}
,"/Users/bipin/Desktop/test-project/src/utils/data.js": {"path":"/Users/bipin/Desktop/test-project/src/utils/data.js","statementMap":{"0":{"start":{"line":1,"column":12},"end":{"line":1,"column":41}},"1":{"start":{"line":2,"column":15},"end":{"line":2,"column":47}},"2":{"start":{"line":3,"column":16},"end":{"line":3,"column":35}},"3":{"start":{"line":4,"column":0},"end":{"line":4,"column":21}},"4":{"start":{"line":5,"column":0},"end":{"line":5,"column":29}}},"fnMap":{},"branchMap":{},"s":{"0":1,"1":1,"2":1,"3":1,"4":1},"f":{},"b":{},"_coverageSchema":"1a1c01bbd47fc00a2c39e90264f33305004495a9","hash":"84ec65f7a3feddeb0f4d9f7a8739a9543ac17e72"}
}
